###############################################################################
#
# IAR ANSI C/C++ Compiler V8.30.1.114/W32 for ARM         27/Sep/2018  14:02:22
# Copyright 1999-2018 IAR Systems AB.
#
#    Cpu mode     =  thumb
#    Endian       =  little
#    Source file  =  D:\work\CorTex\FWLib\library\src\stm32f10x_rtc.c
#    Command line =  
#        -f C:\Users\KMG\AppData\Local\Temp\EW49C0.tmp
#        (D:\work\CorTex\FWLib\library\src\stm32f10x_rtc.c -D VECT_TAB_FLASH
#        -lcN D:\work\CorTex\LCD_2\EWARMv5\Debug\List -o
#        D:\work\CorTex\LCD_2\EWARMv5\Debug\Obj --debug --endian=little
#        --cpu=Cortex-M3 -e --fpu=None --dlib_config
#        D:\arm\inc\c\DLib_Config_Full.h -I D:\work\CorTex\LCD_2\EWARMv5\..\ -I
#        D:\work\CorTex\LCD_2\EWARMv5\..\..\ -I
#        D:\work\CorTex\LCD_2\EWARMv5\..\..\FWLib\library\inc\ -Ohs
#        --use_c++_inline --require_prototypes)
#    Locale       =  C
#    List file    =  D:\work\CorTex\LCD_2\EWARMv5\Debug\List\stm32f10x_rtc.lst
#    Object file  =  D:\work\CorTex\LCD_2\EWARMv5\Debug\Obj\stm32f10x_rtc.o
#
###############################################################################

D:\work\CorTex\FWLib\library\src\stm32f10x_rtc.c
      1          /******************** (C) COPYRIGHT 2008 STMicroelectronics ********************
      2          * File Name          : stm32f10x_rtc.c
      3          * Author             : MCD Application Team
      4          * Version            : V2.0.3
      5          * Date               : 09/22/2008
      6          * Description        : This file provides all the RTC firmware functions.
      7          ********************************************************************************
      8          * THE PRESENT FIRMWARE WHICH IS FOR GUIDANCE ONLY AIMS AT PROVIDING CUSTOMERS
      9          * WITH CODING INFORMATION REGARDING THEIR PRODUCTS IN ORDER FOR THEM TO SAVE TIME.
     10          * AS A RESULT, STMICROELECTRONICS SHALL NOT BE HELD LIABLE FOR ANY DIRECT,
     11          * INDIRECT OR CONSEQUENTIAL DAMAGES WITH RESPECT TO ANY CLAIMS ARISING FROM THE
     12          * CONTENT OF SUCH FIRMWARE AND/OR THE USE MADE BY CUSTOMERS OF THE CODING
     13          * INFORMATION CONTAINED HEREIN IN CONNECTION WITH THEIR PRODUCTS.
     14          *******************************************************************************/
     15          
     16          /* Includes ------------------------------------------------------------------*/
     17          #include "stm32f10x_rtc.h"
     18          
     19          /* Private typedef -----------------------------------------------------------*/
     20          /* Private define ------------------------------------------------------------*/
     21          #define CRL_CNF_Set      ((u16)0x0010)      /* Configuration Flag Enable Mask */
     22          #define CRL_CNF_Reset    ((u16)0xFFEF)      /* Configuration Flag Disable Mask */
     23          #define RTC_LSB_Mask     ((u32)0x0000FFFF)  /* RTC LSB Mask */
     24          #define PRLH_MSB_Mask    ((u32)0x000F0000)  /* RTC Prescaler MSB Mask */
     25          
     26          /* Private macro -------------------------------------------------------------*/
     27          /* Private variables ---------------------------------------------------------*/
     28          /* Private function prototypes -----------------------------------------------*/
     29          /* Private functions ---------------------------------------------------------*/
     30          
     31          /*******************************************************************************
     32          * Function Name  : RTC_ITConfig
     33          * Description    : Enables or disables the specified RTC interrupts.
     34          * Input          : - RTC_IT: specifies the RTC interrupts sources to be enabled
     35          *                    or disabled.
     36          *                    This parameter can be any combination of the following values:
     37          *                       - RTC_IT_OW: Overflow interrupt
     38          *                       - RTC_IT_ALR: Alarm interrupt
     39          *                       - RTC_IT_SEC: Second interrupt
     40          *                  - NewState: new state of the specified RTC interrupts.
     41          *                    This parameter can be: ENABLE or DISABLE.
     42          * Output         : None
     43          * Return         : None
     44          *******************************************************************************/
     45          void RTC_ITConfig(u16 RTC_IT, FunctionalState NewState)
     46          {
     47            /* Check the parameters */
     48            assert_param(IS_RTC_IT(RTC_IT));  
     49            assert_param(IS_FUNCTIONAL_STATE(NewState));
     50            
     51            if (NewState != DISABLE)
     52            {
     53              RTC->CRH |= RTC_IT;
     54            }
     55            else
     56            {
     57              RTC->CRH &= (u16)~RTC_IT;
     58            }
     59          }
     60          
     61          /*******************************************************************************
     62          * Function Name  : RTC_EnterConfigMode
     63          * Description    : Enters the RTC configuration mode.
     64          * Input          : None
     65          * Output         : None
     66          * Return         : None
     67          *******************************************************************************/
     68          void RTC_EnterConfigMode(void)
     69          {
     70            /* Set the CNF flag to enter in the Configuration Mode */
     71            RTC->CRL |= CRL_CNF_Set;
     72          }
     73          
     74          /*******************************************************************************
     75          * Function Name  : RTC_ExitConfigMode
     76          * Description    : Exits from the RTC configuration mode.
     77          * Input          : None
     78          * Output         : None
     79          * Return         : None
     80          *******************************************************************************/
     81          void RTC_ExitConfigMode(void)
     82          {
     83            /* Reset the CNF flag to exit from the Configuration Mode */
     84            RTC->CRL &= CRL_CNF_Reset;
     85          }
     86          
     87          /*******************************************************************************
     88          * Function Name  : RTC_GetCounter
     89          * Description    : Gets the RTC counter value.
     90          * Input          : None
     91          * Output         : None
     92          * Return         : RTC counter value.
     93          *******************************************************************************/
     94          u32 RTC_GetCounter(void)
     95          {
     96            u16 tmp = 0;
     97            tmp = RTC->CNTL;
     98          
     99            return (((u32)RTC->CNTH << 16 ) | tmp) ;
    100          }
    101          
    102          /*******************************************************************************
    103          * Function Name  : RTC_SetCounter
    104          * Description    : Sets the RTC counter value.
    105          * Input          : - CounterValue: RTC counter new value.
    106          * Output         : None
    107          * Return         : None
    108          *******************************************************************************/
    109          void RTC_SetCounter(u32 CounterValue)
    110          { 
    111            RTC_EnterConfigMode();
    112          
    113            /* Set RTC COUNTER MSB word */
    114            RTC->CNTH = CounterValue >> 16;
    115            /* Set RTC COUNTER LSB word */
    116            RTC->CNTL = (CounterValue & RTC_LSB_Mask);
    117          
    118            RTC_ExitConfigMode();
    119          }
    120          
    121          /*******************************************************************************
    122          * Function Name  : RTC_SetPrescaler
    123          * Description    : Sets the RTC prescaler value.
    124          * Input          : - PrescalerValue: RTC prescaler new value.
    125          * Output         : None
    126          * Return         : None
    127          *******************************************************************************/
    128          void RTC_SetPrescaler(u32 PrescalerValue)
    129          {
    130            /* Check the parameters */
    131            assert_param(IS_RTC_PRESCALER(PrescalerValue));
    132            
    133            RTC_EnterConfigMode();
    134          
    135            /* Set RTC PRESCALER MSB word */
    136            RTC->PRLH = (PrescalerValue & PRLH_MSB_Mask) >> 16;
    137            /* Set RTC PRESCALER LSB word */
    138            RTC->PRLL = (PrescalerValue & RTC_LSB_Mask);
    139          
    140            RTC_ExitConfigMode();
    141          }
    142          
    143          /*******************************************************************************
    144          * Function Name  : RTC_SetAlarm
    145          * Description    : Sets the RTC alarm value.
    146          * Input          : - AlarmValue: RTC alarm new value.
    147          * Output         : None
    148          * Return         : None
    149          *******************************************************************************/
    150          void RTC_SetAlarm(u32 AlarmValue)
    151          {  
    152            RTC_EnterConfigMode();
    153          
    154            /* Set the ALARM MSB word */
    155            RTC->ALRH = AlarmValue >> 16;
    156            /* Set the ALARM LSB word */
    157            RTC->ALRL = (AlarmValue & RTC_LSB_Mask);
    158          
    159            RTC_ExitConfigMode();
    160          }
    161          
    162          /*******************************************************************************
    163          * Function Name  : RTC_GetDivider
    164          * Description    : Gets the RTC divider value.
    165          * Input          : None
    166          * Output         : None
    167          * Return         : RTC Divider value.
    168          *******************************************************************************/
    169          u32 RTC_GetDivider(void)
    170          {
    171            u32 tmp = 0x00;
    172          
    173            tmp = ((u32)RTC->DIVH & (u32)0x000F) << 16;
    174            tmp |= RTC->DIVL;
    175          
    176            return tmp;
    177          }
    178          
    179          /*******************************************************************************
    180          * Function Name  : RTC_WaitForLastTask
    181          * Description    : Waits until last write operation on RTC registers has finished.
    182          *                  This function must be called before any write to RTC registers.
    183          * Input          : None
    184          * Output         : None
    185          * Return         : None
    186          *******************************************************************************/
    187          void RTC_WaitForLastTask(void)
    188          {
    189            /* Loop until RTOFF flag is set */
    190            while ((RTC->CRL & RTC_FLAG_RTOFF) == (u16)RESET)
    191            {
    192            }
    193          }
    194          
    195          /*******************************************************************************
    196          * Function Name  : RTC_WaitForSynchro
    197          * Description    : Waits until the RTC registers (RTC_CNT, RTC_ALR and RTC_PRL)
    198          *                  are synchronized with RTC APB clock.
    199          *                  This function must be called before any read operation after
    200          *                  an APB reset or an APB clock stop.
    201          * Input          : None
    202          * Output         : None
    203          * Return         : None
    204          *******************************************************************************/
    205          void RTC_WaitForSynchro(void)
    206          {
    207            /* Clear RSF flag */
    208            RTC->CRL &= (u16)~RTC_FLAG_RSF;
    209          
    210            /* Loop until RSF flag is set */
    211            while ((RTC->CRL & RTC_FLAG_RSF) == (u16)RESET)
    212            {
    213            }
    214          }
    215          
    216          /*******************************************************************************
    217          * Function Name  : RTC_GetFlagStatus
    218          * Description    : Checks whether the specified RTC flag is set or not.
    219          * Input          : - RTC_FLAG: specifies the flag to check.
    220          *                    This parameter can be one the following values:
    221          *                       - RTC_FLAG_RTOFF: RTC Operation OFF flag
    222          *                       - RTC_FLAG_RSF: Registers Synchronized flag
    223          *                       - RTC_FLAG_OW: Overflow flag
    224          *                       - RTC_FLAG_ALR: Alarm flag
    225          *                       - RTC_FLAG_SEC: Second flag
    226          * Output         : None
    227          * Return         : The new state of RTC_FLAG (SET or RESET).
    228          *******************************************************************************/
    229          FlagStatus RTC_GetFlagStatus(u16 RTC_FLAG)
    230          {
    231            FlagStatus bitstatus = RESET;
    232            
    233            /* Check the parameters */
    234            assert_param(IS_RTC_GET_FLAG(RTC_FLAG)); 
    235            
    236            if ((RTC->CRL & RTC_FLAG) != (u16)RESET)
    237            {
    238              bitstatus = SET;
    239            }
    240            else
    241            {
    242              bitstatus = RESET;
    243            }
    244            return bitstatus;
    245          }
    246          
    247          /*******************************************************************************
    248          * Function Name  : RTC_ClearFlag
    249          * Description    : Clears the RTC’s pending flags.
    250          * Input          : - RTC_FLAG: specifies the flag to clear.
    251          *                    This parameter can be any combination of the following values:
    252          *                       - RTC_FLAG_RSF: Registers Synchronized flag. This flag
    253          *                         is cleared only after an APB reset or an APB Clock stop.
    254          *                       - RTC_FLAG_OW: Overflow flag
    255          *                       - RTC_FLAG_ALR: Alarm flag
    256          *                       - RTC_FLAG_SEC: Second flag
    257          * Output         : None
    258          * Return         : None
    259          *******************************************************************************/
    260          void RTC_ClearFlag(u16 RTC_FLAG)
    261          {
    262            /* Check the parameters */
    263            assert_param(IS_RTC_CLEAR_FLAG(RTC_FLAG)); 
    264              
    265            /* Clear the coressponding RTC flag */
    266            RTC->CRL &= (u16)~RTC_FLAG;
    267          }
    268          
    269          /*******************************************************************************
    270          * Function Name  : RTC_GetITStatus
    271          * Description    : Checks whether the specified RTC interrupt has occured or not.
    272          * Input          : - RTC_IT: specifies the RTC interrupts sources to check.
    273          *                    This parameter can be one of the following values:
    274          *                       - RTC_IT_OW: Overflow interrupt
    275          *                       - RTC_IT_ALR: Alarm interrupt
    276          *                       - RTC_IT_SEC: Second interrupt
    277          * Output         : None
    278          * Return         : The new state of the RTC_IT (SET or RESET).
    279          *******************************************************************************/
    280          ITStatus RTC_GetITStatus(u16 RTC_IT)
    281          {
    282            ITStatus bitstatus = RESET;
    283          
    284            /* Check the parameters */
    285            assert_param(IS_RTC_GET_IT(RTC_IT)); 
    286            
    287            bitstatus = (ITStatus)(RTC->CRL & RTC_IT);
    288          
    289            if (((RTC->CRH & RTC_IT) != (u16)RESET) && (bitstatus != (u16)RESET))
    290            {
    291              bitstatus = SET;
    292            }
    293            else
    294            {
    295              bitstatus = RESET;
    296            }
    297            return bitstatus;
    298          }
    299          
    300          /*******************************************************************************
    301          * Function Name  : RTC_ClearITPendingBit
    302          * Description    : Clears the RTC’s interrupt pending bits.
    303          * Input          : - RTC_IT: specifies the interrupt pending bit to clear.
    304          *                    This parameter can be any combination of the following values:
    305          *                       - RTC_IT_OW: Overflow interrupt
    306          *                       - RTC_IT_ALR: Alarm interrupt
    307          *                       - RTC_IT_SEC: Second interrupt
    308          * Output         : None
    309          * Return         : None
    310          *******************************************************************************/
    311          void RTC_ClearITPendingBit(u16 RTC_IT)
    312          {
    313            /* Check the parameters */
    314            assert_param(IS_RTC_IT(RTC_IT));  
    315            
    316            /* Clear the coressponding RTC pending bit */
    317            RTC->CRL &= (u16)~RTC_IT;
    318          }
    319          
    320          /******************* (C) COPYRIGHT 2008 STMicroelectronics *****END OF FILE****/

   Maximum stack usage in bytes:

   .cstack Function
   ------- --------
       0   RTC_ClearFlag
       0   RTC_ClearITPendingBit
       0   RTC_EnterConfigMode
       0   RTC_ExitConfigMode
       0   RTC_GetCounter
       0   RTC_GetDivider
       0   RTC_GetFlagStatus
       0   RTC_GetITStatus
       0   RTC_ITConfig
       0   RTC_SetAlarm
       0   RTC_SetCounter
       0   RTC_SetPrescaler
       0   RTC_WaitForLastTask
       0   RTC_WaitForSynchro


   Section sizes:

   Bytes  Function/Label
   -----  --------------
       4  ??DataTable13
       4  ??DataTable13_1
       4  ??DataTable13_2
       4  ??DataTable13_3
      12  RTC_ClearFlag
      12  RTC_ClearITPendingBit
      12  RTC_EnterConfigMode
      14  RTC_ExitConfigMode
      12  RTC_GetCounter
      16  RTC_GetDivider
      16  RTC_GetFlagStatus
      28  RTC_GetITStatus
      20  RTC_ITConfig
      28  RTC_SetAlarm
      28  RTC_SetCounter
      32  RTC_SetPrescaler
      10  RTC_WaitForLastTask
      20  RTC_WaitForSynchro

 
 276 bytes in section .text
 
 276 bytes of CODE memory

Errors: none
Warnings: none
